<?xml version="1.0" encoding="UTF-8"?>
<!-- Generated by org.testng.reporters.JUnitReportReporter -->
<testsuite hostname="DESKTOP-5UBD8UJ" failures="0" tests="1" name="org.testScripts.Yash_Test" time="8.313" errors="0" timestamp="2024-11-13T13:58:28 IST" skipped="0">
  <testcase classname="org.testScripts.Yash_Test" name="launchYash" time="8.313">
    <system-out>
      <![CDATA[Yash]]>
    </system-out>
  </testcase> <!-- launchYash -->
  <system-out>
    <![CDATA[MAHESH BABU
Siddharth Malhotra
Shahid Kapoor
Yash
ALLU ARJUN]]>
  </system-out>
</testsuite> <!-- org.testScripts.Yash_Test -->
