<?xml version="1.0" encoding="UTF-8"?>
<!-- Generated by org.testng.reporters.JUnitReportReporter -->
<testsuite hostname="DESKTOP-5UBD8UJ" failures="0" tests="1" name="org.testScripts.Puma_Test" time="18.746" errors="0" timestamp="2024-11-13T13:52:15 IST" skipped="0">
  <testcase classname="org.testScripts.Puma_Test" name="launchPuma" time="18.746">
    <system-out>
      <![CDATA[Puma is launched]]>
    </system-out>
  </testcase> <!-- launchPuma -->
  <system-out>
    <![CDATA[Adidas is launched
ALLU ARJUN
MAHESH BABU
One8 is launched
Puma is launched
Shahid Kapoor
Siddharth Malhotra
Sketchers is launched
Yash]]>
  </system-out>
</testsuite> <!-- org.testScripts.Puma_Test -->
