<?xml version="1.0" encoding="UTF-8"?>
<!-- Generated by org.testng.reporters.JUnitReportReporter -->
<testsuite hostname="DESKTOP-5UBD8UJ" failures="0" tests="1" name="org.testScripts.Siddharth_Test" time="2.753" errors="0" timestamp="2024-11-13T13:58:28 IST" skipped="0">
  <testcase classname="org.testScripts.Siddharth_Test" name="launchSiddharth" time="2.753">
    <system-out>
      <![CDATA[Siddharth Malhotra]]>
    </system-out>
  </testcase> <!-- launchSiddharth -->
  <system-out>
    <![CDATA[MAHESH BABU
Siddharth Malhotra
Shahid Kapoor
Yash
ALLU ARJUN]]>
  </system-out>
</testsuite> <!-- org.testScripts.Siddharth_Test -->
