<?xml version="1.0" encoding="UTF-8"?>
<!-- Generated by org.testng.reporters.JUnitReportReporter -->
<testsuite hostname="DESKTOP-5UBD8UJ" failures="0" tests="1" name="org.testScripts.Sketchers_Test" time="14.604" errors="0" timestamp="2024-11-13T13:52:15 IST" skipped="0">
  <testcase classname="org.testScripts.Sketchers_Test" name="launchSketchers" time="14.604">
    <system-out>
      <![CDATA[Sketchers is launched]]>
    </system-out>
  </testcase> <!-- launchSketchers -->
  <system-out>
    <![CDATA[Adidas is launched
ALLU ARJUN
MAHESH BABU
One8 is launched
Puma is launched
Shahid Kapoor
Siddharth Malhotra
Sketchers is launched
Yash]]>
  </system-out>
</testsuite> <!-- org.testScripts.Sketchers_Test -->
