<?xml version="1.0" encoding="UTF-8"?>
<!-- Generated by org.testng.reporters.JUnitReportReporter -->
<testsuite hostname="DESKTOP-5UBD8UJ" failures="0" tests="1" name="org.testScripts.One8_Test" time="13.332" errors="0" timestamp="2024-11-13T13:52:15 IST" skipped="0">
  <testcase classname="org.testScripts.One8_Test" name="launchOne8" time="13.332">
    <system-out>
      <![CDATA[One8 is launched]]>
    </system-out>
  </testcase> <!-- launchOne8 -->
  <system-out>
    <![CDATA[Adidas is launched
ALLU ARJUN
MAHESH BABU
One8 is launched
Puma is launched
Shahid Kapoor
Siddharth Malhotra
Sketchers is launched
Yash]]>
  </system-out>
</testsuite> <!-- org.testScripts.One8_Test -->
