<?xml version="1.0" encoding="UTF-8"?>
<!-- Generated by org.testng.reporters.JUnitReportReporter -->
<testsuite hostname="DESKTOP-5UBD8UJ" failures="0" tests="1" name="org.testScripts.Shahid_Test" time="5.465" errors="0" timestamp="2024-11-13T13:58:28 IST" skipped="0">
  <testcase classname="org.testScripts.Shahid_Test" name="launchShahid" time="5.465">
    <system-out>
      <![CDATA[Shahid Kapoor]]>
    </system-out>
  </testcase> <!-- launchShahid -->
  <system-out>
    <![CDATA[MAHESH BABU
Siddharth Malhotra
Shahid Kapoor
Yash
ALLU ARJUN]]>
  </system-out>
</testsuite> <!-- org.testScripts.Shahid_Test -->
